[debug] [2024-11-05T11:08:01.208Z] ----------------------------------------------------------------------
[debug] [2024-11-05T11:08:01.210Z] Command:       C:\Program Files\nodejs\node.exe C:\Users\pdidi\AppData\Roaming\npm\node_modules\firebase-tools\lib\bin\firebase.js init
[debug] [2024-11-05T11:08:01.211Z] CLI Version:   13.24.0
[debug] [2024-11-05T11:08:01.211Z] Platform:      win32
[debug] [2024-11-05T11:08:01.211Z] Node Version:  v20.14.0
[debug] [2024-11-05T11:08:01.211Z] Time:          Tue Nov 05 2024 16:38:01 GMT+0530 (India Standard Time)
[debug] [2024-11-05T11:08:01.211Z] ----------------------------------------------------------------------
[debug] 
[debug] [2024-11-05T11:08:01.218Z] > command requires scopes: ["email","openid","https://www.googleapis.com/auth/cloudplatformprojects.readonly","https://www.googleapis.com/auth/firebase","https://www.googleapis.com/auth/cloud-platform"]
[debug] [2024-11-05T11:08:01.218Z] > authorizing via signed-in user (envocleanco@gmail.com)
[info] 
     ######## #### ########  ######## ########     ###     ######  ########
     ##        ##  ##     ## ##       ##     ##  ##   ##  ##       ##
     ######    ##  ########  ######   ########  #########  ######  ######
     ##        ##  ##    ##  ##       ##     ## ##     ##       ## ##
     ##       #### ##     ## ######## ########  ##     ##  ######  ########

You're about to initialize a Firebase project in this directory:

  G:\Research\EnvoClean

[info] 
=== Account Setup
[info] 
[info] Which account do you want to use for this project? Choose an account or add a new one now
[info] 
[debug] [2024-11-05T11:08:33.270Z] setProjectAccount(G:\Research\EnvoClean, envocleanco@gmail.com)
[info] 
[info] +  Using account: envocleanco@gmail.com 
[info] 
=== Project Setup
[info] 
[info] First, let's associate this project directory with a Firebase project.
[info] You can create multiple project aliases by running firebase use --add, 
[info] but for now we'll just set up a default project.
[info] 
[debug] [2024-11-05T11:08:38.074Z] Checked if tokens are valid: true, expires at: 1730808227645
[debug] [2024-11-05T11:08:38.074Z] Checked if tokens are valid: true, expires at: 1730808227645
[debug] [2024-11-05T11:08:38.077Z] >>> [apiv2][query] GET https://firebase.googleapis.com/v1beta1/projects pageSize=100
[debug] [2024-11-05T11:08:39.082Z] <<< [apiv2][status] GET https://firebase.googleapis.com/v1beta1/projects 200
[debug] [2024-11-05T11:08:39.083Z] <<< [apiv2][body] GET https://firebase.googleapis.com/v1beta1/projects [omitted]
[info] i  Using project envoclean-2024 (EnvoClean) 
[info] 
=== Hosting Setup
[debug] [2024-11-05T11:08:43.895Z] Checked if tokens are valid: true, expires at: 1730808227645
[debug] [2024-11-05T11:08:43.895Z] Checked if tokens are valid: true, expires at: 1730808227645
[debug] [2024-11-05T11:08:43.895Z] >>> [apiv2][query] GET https://firebase.googleapis.com/v1beta1/projects/envoclean-2024 [none]
[debug] [2024-11-05T11:08:44.680Z] <<< [apiv2][status] GET https://firebase.googleapis.com/v1beta1/projects/envoclean-2024 200
[debug] [2024-11-05T11:08:44.681Z] <<< [apiv2][body] GET https://firebase.googleapis.com/v1beta1/projects/envoclean-2024 {"projectId":"envoclean-2024","projectNumber":"968166026934","displayName":"EnvoClean","name":"projects/envoclean-2024","resources":{"hostingSite":"envoclean-2024"},"state":"ACTIVE","etag":"1_62d985c0-d0d4-4c39-91af-9838a15df75a"}
[info] 
[info] Your public directory is the folder (relative to your project directory) that
[info] will contain Hosting assets to be uploaded with firebase deploy. If you
[info] have a build process for your assets, use your build's output directory.
[info] 
